Release 14.7 - xst P.20131013 (nt64)
Copyright (c) 1995-2013 Xilinx, Inc.  All rights reserved.
--> Parameter TMPDIR set to xst/projnav.tmp


Total REAL time to Xst completion: 0.00 secs
Total CPU time to Xst completion: 0.09 secs
 
--> Parameter xsthdpdir set to xst


Total REAL time to Xst completion: 0.00 secs
Total CPU time to Xst completion: 0.09 secs
 
--> Reading design: Neural_net_controller.prj

TABLE OF CONTENTS
  1) Synthesis Options Summary
  2) HDL Compilation
  3) Design Hierarchy Analysis
  4) HDL Analysis
  5) HDL Synthesis
     5.1) HDL Synthesis Report
  6) Advanced HDL Synthesis
     6.1) Advanced HDL Synthesis Report
  7) Low Level Synthesis
  8) Partition Report
  9) Final Report
	9.1) Device utilization summary
	9.2) Partition Resource Summary
	9.3) TIMING REPORT


=========================================================================
*                      Synthesis Options Summary                        *
=========================================================================
---- Source Parameters
Input File Name                    : "Neural_net_controller.prj"
Input Format                       : mixed
Ignore Synthesis Constraint File   : NO

---- Target Parameters
Output File Name                   : "Neural_net_controller"
Output Format                      : NGC
Target Device                      : xc3s500e-4-fg320

---- Source Options
Top Module Name                    : Neural_net_controller
Automatic FSM Extraction           : YES
FSM Encoding Algorithm             : Auto
Safe Implementation                : No
FSM Style                          : LUT
RAM Extraction                     : Yes
RAM Style                          : Auto
ROM Extraction                     : Yes
Mux Style                          : Auto
Decoder Extraction                 : YES
Priority Encoder Extraction        : Yes
Shift Register Extraction          : YES
Logical Shifter Extraction         : YES
XOR Collapsing                     : YES
ROM Style                          : Auto
Mux Extraction                     : Yes
Resource Sharing                   : YES
Asynchronous To Synchronous        : NO
Multiplier Style                   : Auto
Automatic Register Balancing       : No

---- Target Options
Add IO Buffers                     : YES
Global Maximum Fanout              : 500
Add Generic Clock Buffer(BUFG)     : 24
Register Duplication               : YES
Slice Packing                      : YES
Optimize Instantiated Primitives   : NO
Use Clock Enable                   : Yes
Use Synchronous Set                : Yes
Use Synchronous Reset              : Yes
Pack IO Registers into IOBs        : Auto
Equivalent register Removal        : YES

---- General Options
Optimization Goal                  : Speed
Optimization Effort                : 1
Keep Hierarchy                     : No
Netlist Hierarchy                  : As_Optimized
RTL Output                         : Yes
Global Optimization                : AllClockNets
Read Cores                         : YES
Write Timing Constraints           : NO
Cross Clock Analysis               : NO
Hierarchy Separator                : /
Bus Delimiter                      : <>
Case Specifier                     : Maintain
Slice Utilization Ratio            : 100
BRAM Utilization Ratio             : 100
Verilog 2001                       : YES
Auto BRAM Packing                  : NO
Slice Utilization Ratio Delta      : 5

=========================================================================


=========================================================================
*                          HDL Compilation                              *
=========================================================================
Compiling verilog file "../Sigmoid_LUT.v" in library work
Compiling verilog file "../Prilagodeno_mnozenje.v" in library work
Module <Sigmoid_LUT> compiled
Compiling verilog file "../mnozenje.v" in library work
Module <Prilagodeno_mnozenje> compiled
Compiling verilog file "../Neuron_5_FL.v" in library work
Module <mnozenje> compiled
Compiling verilog file "../Neuron_4_FL.v" in library work
Module <Neuron_5_FL> compiled
Compiling verilog file "../Neuron_3_FL.v" in library work
Module <Neuron_4_FL> compiled
Compiling verilog file "../Neuron_2_OUT.v" in library work
Module <Neuron_3_FL> compiled
Compiling verilog file "../Neuron_2_FL.v" in library work
Module <Neuron_2_OUT> compiled
Compiling verilog file "../Neuron_1_OUT.v" in library work
Module <Neuron_2_FL> compiled
Compiling verilog file "../Neuron_1_FL.v" in library work
Module <Neuron_1_OUT> compiled
Compiling verilog file "../Neural_net.v" in library work
Module <Neuron_1_FL> compiled
Compiling verilog file "Neural_net_controller.v" in library work
Module <Neural_net> compiled
Module <Neural_net_controller> compiled
No errors in compilation
Analysis of file <"Neural_net_controller.prj"> succeeded.
 

=========================================================================
*                     Design Hierarchy Analysis                         *
=========================================================================
Analyzing hierarchy for module <Neural_net_controller> in library <work> with parameters.
	UZORAK_1 = "0000"
	UZORAK_10 = "1001"
	UZORAK_11 = "1010"
	UZORAK_12 = "1011"
	UZORAK_13 = "1100"
	UZORAK_14 = "1101"
	UZORAK_15 = "1110"
	UZORAK_16 = "1111"
	UZORAK_2 = "0001"
	UZORAK_3 = "0010"
	UZORAK_4 = "0011"
	UZORAK_5 = "0100"
	UZORAK_6 = "0101"
	UZORAK_7 = "0110"
	UZORAK_8 = "0111"
	UZORAK_9 = "1000"

Analyzing hierarchy for module <Neural_net> in library <work>.

Analyzing hierarchy for module <Neuron_1_FL> in library <work> with parameters.
	BROJ_NEGATIVNIH_TEZINA = "00000000000000000000000000011100"
	BROJ_POZITIVNIH_TEZINA = "00000000000000000000000000100000"

Analyzing hierarchy for module <Neuron_2_FL> in library <work> with parameters.
	BROJ_NEGATIVNIH_TEZINA = "00000000000000000000000000100100"
	BROJ_POZITIVNIH_TEZINA = "00000000000000000000000000011000"

Analyzing hierarchy for module <Neuron_3_FL> in library <work> with parameters.
	BROJ_NEGATIVNIH_TEZINA = "00000000000000000000000000100000"
	BROJ_POZITIVNIH_TEZINA = "00000000000000000000000000011100"

Analyzing hierarchy for module <Neuron_4_FL> in library <work> with parameters.
	BROJ_NEGATIVNIH_TEZINA = "00000000000000000000000000011010"
	BROJ_POZITIVNIH_TEZINA = "00000000000000000000000000100010"

Analyzing hierarchy for module <Neuron_5_FL> in library <work> with parameters.
	BROJ_NEGATIVNIH_TEZINA = "00000000000000000000000000100010"
	BROJ_POZITIVNIH_TEZINA = "00000000000000000000000000011010"

Analyzing hierarchy for module <Neuron_1_OUT> in library <work> with parameters.
	BROJ_POZITIVNIH_TEZINA = "00000000000000000000000000000101"

Analyzing hierarchy for module <Neuron_2_OUT> in library <work> with parameters.
	BROJ_NEGATIVNIH_TEZINA = "00000000000000000000000000000011"
	BROJ_POZITIVNIH_TEZINA = "00000000000000000000000000000010"

Analyzing hierarchy for module <mnozenje> in library <work>.

Analyzing hierarchy for module <Sigmoid_LUT> in library <work>.

Analyzing hierarchy for module <Prilagodeno_mnozenje> in library <work>.


=========================================================================
*                            HDL Analysis                               *
=========================================================================
Analyzing top module <Neural_net_controller>.
	UZORAK_1 = 4'b0000
	UZORAK_10 = 4'b1001
	UZORAK_11 = 4'b1010
	UZORAK_12 = 4'b1011
	UZORAK_13 = 4'b1100
	UZORAK_14 = 4'b1101
	UZORAK_15 = 4'b1110
	UZORAK_16 = 4'b1111
	UZORAK_2 = 4'b0001
	UZORAK_3 = 4'b0010
	UZORAK_4 = 4'b0011
	UZORAK_5 = 4'b0100
	UZORAK_6 = 4'b0101
	UZORAK_7 = 4'b0110
	UZORAK_8 = 4'b0111
	UZORAK_9 = 4'b1000
Module <Neural_net_controller> is correct for synthesis.
 
Analyzing module <Neural_net> in library <work>.
ERROR:Xst:902 - "../Neural_net.v" line 52: Unexpected vjerojatnost_2 event in always block sensitivity list.
 
Found 1 error(s). Aborting synthesis.
--> 

Total memory usage is 4497972 kilobytes

Number of errors   :    1 (   0 filtered)
Number of warnings :    0 (   0 filtered)
Number of infos    :    0 (   0 filtered)

