ISim log file
Running: C:\Users\josip\Desktop\PDS_projekt\VerilogMineDetectingANN\projekt\neuron_1_OUT_test_isim_beh.exe -intstyle ise -gui -tclbatch isim.cmd -wdb C:/Users/josip/Desktop/PDS_projekt/VerilogMineDetectingANN/projekt/neuron_1_OUT_test_isim_beh.wdb 
ISim P.20131013 (signature 0x7708f090)
----------------------------------------------------------------------
INFO:Security:50 - The XILINXD_LICENSE_FILE environment variable is set to 'C:\Users\josip\Desktop\licni me'.
INFO:Security:52 - The LM_LICENSE_FILE environment variable is set to 'C:\Users\josip\Desktop\licni me'.
INFO:Security:68a - user is josip, on host DESKTOP-GBO6TEP.
WARNING:Security:43 - No license file was found in the standard Xilinx license directory.
WARNING:Security:44 - Since no license file was found,
       please run the Xilinx License Configuration Manager
       (xlcm or "Manage Xilinx Licenses")
       to assist in obtaining a license.
ERROR:Security:14 - No feature was available for 'ISIM'.

No such feature exists.
Feature:       ISIM
License path:  C:\Users\josip\Desktop\licni me;C:/.Xilinx;C:\Xilinx\14.7\ISE_DS\ISE\/coregen/core_licenses\Xilinx.lic;C:\Xilinx\14.7\ISE_DS\ISE\/coregen/core_licenses\XilinxFree.lic;C:\Xilinx\14.7\ISE_DS\EDK/data/core_licenses\Xilinx.lic;
FLEXnet Licensing error:-5,357
For further information, refer to the FLEXnet Licensing documentation,
available at "www.flexerasoftware.com".
----------------------------------------------------------------------
WARNING: A full ISim License cannot be checked out due to the issues listed above. Please use Xilinx License Configuration Manager to fix these issues in order to check out a full ISim license.
WARNING: ISim will run in Lite mode. Please refer to the ISim documentation for more information on the differences between the Lite and the Full version.
This is a Lite version of ISim.
Time resolution is 1 ps
# onerror resume
# wave add /
# run 1000 ns
Simulator is doing circuit initialization process.
ERROR: In process Neuron_1_OUT.vCont_92_11 
 FATAL ERROR:ISim: This application has discovered an exceptional condition from which it cannot recover. Process will terminate. To search for possible resolutions to this issue, refer to the Xilinx answer database by going to http://www.xilinx.com/support/answers/index.htm and search with keywords 'ISim' and 'FATAL ERROR'. For technical support on this issue, please open a WebCase with this project attached at http://www.xilinx.com/support.
INFO: Simulator is stopped.
